<?xml version="1.0" encoding="UTF-8"?>
<testng-results ignored="0" total="4" passed="4" failed="0" skipped="0">
  <reporter-output>
  </reporter-output>
  <suite started-at="2024-04-21T08:35:41 IST" name="Default suite" finished-at="2024-04-21T08:36:53 IST" duration-ms="72327">
    <groups>
    </groups>
    <test started-at="2024-04-21T08:35:41 IST" name="Default test" finished-at="2024-04-21T08:36:53 IST" duration-ms="72327">
      <class name="com.testngdemo.Assignment1">
        <test-method signature="sourceDemoShopping()[pri:0, instance:com.testngdemo.Assignment1@515aebb0]" started-at="2024-04-21T08:35:41 IST" name="sourceDemoShopping" finished-at="2024-04-21T08:35:49 IST" duration-ms="7580" status="PASS">
          <reporter-output>
          </reporter-output>
        </test-method> <!-- sourceDemoShopping -->
        <test-method signature="orangeHRM_PIMCreation()[pri:1, instance:com.testngdemo.Assignment1@515aebb0]" started-at="2024-04-21T08:35:49 IST" name="orangeHRM_PIMCreation" finished-at="2024-04-21T08:36:15 IST" duration-ms="25979" status="PASS">
          <reporter-output>
          </reporter-output>
        </test-method> <!-- orangeHRM_PIMCreation -->
        <test-method signature="orangeHRM_PIMUpdate()[pri:2, instance:com.testngdemo.Assignment1@515aebb0]" started-at="2024-04-21T08:36:15 IST" name="orangeHRM_PIMUpdate" finished-at="2024-04-21T08:36:39 IST" depends-on-methods="com.testngdemo.Assignment1.orangeHRM_PIMCreation" duration-ms="24197" status="PASS">
          <reporter-output>
          </reporter-output>
        </test-method> <!-- orangeHRM_PIMUpdate -->
        <test-method signature="orangeHRM_PIMDelete()[pri:3, instance:com.testngdemo.Assignment1@515aebb0]" started-at="2024-04-21T08:36:39 IST" name="orangeHRM_PIMDelete" finished-at="2024-04-21T08:36:53 IST" depends-on-methods="com.testngdemo.Assignment1.orangeHRM_PIMCreation" duration-ms="14466" status="PASS">
          <reporter-output>
          </reporter-output>
        </test-method> <!-- orangeHRM_PIMDelete -->
      </class> <!-- com.testngdemo.Assignment1 -->
    </test> <!-- Default test -->
  </suite> <!-- Default suite -->
</testng-results>
