<?xml version="1.0" encoding="UTF-8"?>
<!-- Generated by org.testng.reporters.JUnitXMLReporter -->
<testsuite ignored="0" hostname="LAPTOP-C5P36LJF" failures="0" tests="4" name="Default test" time="72.327" errors="0" timestamp="2024-04-21T08:36:53 IST">
  <testcase classname="com.testngdemo.Assignment1" name="sourceDemoShopping" time="7.58"/>
  <testcase classname="com.testngdemo.Assignment1" name="orangeHRM_PIMCreation" time="25.979"/>
  <testcase classname="com.testngdemo.Assignment1" name="orangeHRM_PIMUpdate" time="24.197"/>
  <testcase classname="com.testngdemo.Assignment1" name="orangeHRM_PIMDelete" time="14.466"/>
</testsuite> <!-- Default test -->
